<?xml version="1.0" encoding="UTF-8"?>
<!-- Generated by org.testng.reporters.JUnitXMLReporter -->
<testsuite ignored="0" hostname="LENOVO" failures="0" tests="2" name="Default test" time="39.155" errors="0" timestamp="2023-04-20T12:30:50 IST">
  <testcase classname="vtiger.Contact.Tests.CreateContactWithOrganizationTest" name="createContactWithOrgTest" time="37.864"/>
  <testcase classname="vtiger.Contact.Tests.CreateContactWithOrganizationTest" name="demo" time="0.007"/>
</testsuite> <!-- Default test -->
